[90m[2023-12-09 08:25:14.003 PM] [31merror[39m: AxiosError: Request failed with status code 500
    at settle (/home/omer/projects/Gefion2/node_modules/axios/dist/node/axios.cjs:1967:12)
    at Unzip.handleStreamEnd (/home/omer/projects/Gefion2/node_modules/axios/dist/node/axios.cjs:3062:11)
    at Unzip.emit (node:events:525:35)
    at endReadableNT (node:internal/streams/readable:1359:12)
    at process.processTicksAndRejections (node:internal/process/task_queues:82:21)
[90m[2023-12-09 08:25:34.800 PM] [31merror[39m: AxiosError: Request failed with status code 404
    at settle (/home/omer/projects/Gefion2/node_modules/axios/dist/node/axios.cjs:1967:12)
    at IncomingMessage.handleStreamEnd (/home/omer/projects/Gefion2/node_modules/axios/dist/node/axios.cjs:3062:11)
    at IncomingMessage.emit (node:events:525:35)
    at endReadableNT (node:internal/streams/readable:1359:12)
    at process.processTicksAndRejections (node:internal/process/task_queues:82:21)
[90m[2023-12-09 08:25:45.417 PM] [31merror[39m: AxiosError: Request failed with status code 404
    at settle (/home/omer/projects/Gefion2/node_modules/axios/dist/node/axios.cjs:1967:12)
    at IncomingMessage.handleStreamEnd (/home/omer/projects/Gefion2/node_modules/axios/dist/node/axios.cjs:3062:11)
    at IncomingMessage.emit (node:events:525:35)
    at endReadableNT (node:internal/streams/readable:1359:12)
    at process.processTicksAndRejections (node:internal/process/task_queues:82:21)
[90m[2023-12-09 08:26:11.350 PM] [31merror[39m: AxiosError: Request failed with status code 500
    at settle (/home/omer/projects/Gefion2/node_modules/axios/dist/node/axios.cjs:1967:12)
    at Unzip.handleStreamEnd (/home/omer/projects/Gefion2/node_modules/axios/dist/node/axios.cjs:3062:11)
    at Unzip.emit (node:events:525:35)
    at endReadableNT (node:internal/streams/readable:1359:12)
    at process.processTicksAndRejections (node:internal/process/task_queues:82:21)
[90m[2023-12-09 08:27:33.395 PM] [31merror[39m: AssertionError [ERR_ASSERTION]: '<h1>There is some fiction in your truth, and some truth in your fiction.</h1>\n' == '<h1>There is some fiction in your truth, and some truth in your fiction.</h1>'
    at /home/omer/projects/Gefion2/test/vendor/Router/router.js:75:12
    at process.processTicksAndRejections (node:internal/process/task_queues:95:5)
[90m[2023-12-09 08:27:42.305 PM] [31merror[39m: AssertionError [ERR_ASSERTION]: '<h1>There is some fiction in your truth, and some truth in your fiction.</h1>\n' == '<h1>There is some fiction in your truth, and some truth in youras fiction.</h1>'
    at /home/omer/projects/Gefion2/test/vendor/Router/router.js:75:12
    at process.processTicksAndRejections (node:internal/process/task_queues:95:5)
[90m[2023-12-09 08:36:37.688 PM] [31merror[39m: TypeError: chai.expect(...).to.be is not a function
    at /home/omer/projects/Gefion2/test/vendor/Router/router.js:53:34
    at Request.callback (node_modules/superagent/lib/node/index.js:857:12)
    at IncomingMessage.<anonymous> (node_modules/superagent/lib/node/index.js:1070:18)
    at IncomingMessage.emit (node:events:525:35)
    at endReadableNT (node:internal/streams/readable:1359:12)
    at process.processTicksAndRejections (node:internal/process/task_queues:82:21)
[90m[2023-12-09 08:38:58.015 PM] [31merror[39m: AssertionError: expected undefined to equal 35
    at /home/omer/projects/Gefion2/test/vendor/Router/router.js:66:32
    at Request.callback (node_modules/superagent/lib/node/index.js:857:12)
    at IncomingMessage.<anonymous> (node_modules/superagent/lib/node/index.js:1070:18)
    at IncomingMessage.emit (node:events:525:35)
    at endReadableNT (node:internal/streams/readable:1359:12)
    at process.processTicksAndRejections (node:internal/process/task_queues:82:21)
[90m[2023-12-09 08:39:10.566 PM] [31merror[39m: AssertionError: expected undefined to equal 35
    at /home/omer/projects/Gefion2/test/vendor/Router/router.js:65:32
    at Request.callback (node_modules/superagent/lib/node/index.js:857:12)
    at IncomingMessage.<anonymous> (node_modules/superagent/lib/node/index.js:1070:18)
    at IncomingMessage.emit (node:events:525:35)
    at endReadableNT (node:internal/streams/readable:1359:12)
    at process.processTicksAndRejections (node:internal/process/task_queues:82:21)
[90m[2023-12-09 08:39:24.807 PM] [31merror[39m: AssertionError: expected undefined to equal 35
    at /home/omer/projects/Gefion2/test/vendor/Router/router.js:66:32
    at Request.callback (node_modules/superagent/lib/node/index.js:857:12)
    at IncomingMessage.<anonymous> (node_modules/superagent/lib/node/index.js:1070:18)
    at IncomingMessage.emit (node:events:525:35)
    at endReadableNT (node:internal/streams/readable:1359:12)
    at process.processTicksAndRejections (node:internal/process/task_queues:82:21)
[90m[2023-12-09 08:39:33.265 PM] [31merror[39m: AssertionError: expected undefined to equal 35
    at /home/omer/projects/Gefion2/test/vendor/Router/router.js:66:32
    at Request.callback (node_modules/superagent/lib/node/index.js:857:12)
    at IncomingMessage.<anonymous> (node_modules/superagent/lib/node/index.js:1070:18)
    at IncomingMessage.emit (node:events:525:35)
    at endReadableNT (node:internal/streams/readable:1359:12)
    at process.processTicksAndRejections (node:internal/process/task_queues:82:21)
[90m[2023-12-09 08:40:59.756 PM] [31merror[39m: AssertionError: expected undefined to equal 35
    at /home/omer/projects/Gefion2/test/vendor/Router/router.js:66:32
    at Request.callback (node_modules/superagent/lib/node/index.js:857:12)
    at IncomingMessage.<anonymous> (node_modules/superagent/lib/node/index.js:1070:18)
    at IncomingMessage.emit (node:events:525:35)
    at endReadableNT (node:internal/streams/readable:1359:12)
    at process.processTicksAndRejections (node:internal/process/task_queues:82:21)
[90m[2023-12-09 08:41:10.672 PM] [31merror[39m: AssertionError: expected undefined to equal 35
    at /home/omer/projects/Gefion2/test/vendor/Router/router.js:66:32
    at Request.callback (node_modules/superagent/lib/node/index.js:857:12)
    at IncomingMessage.<anonymous> (node_modules/superagent/lib/node/index.js:1070:18)
    at IncomingMessage.emit (node:events:525:35)
    at endReadableNT (node:internal/streams/readable:1359:12)
    at process.processTicksAndRejections (node:internal/process/task_queues:82:21)
[90m[2023-12-09 08:41:24.745 PM] [31merror[39m: AssertionError: expected undefined to equal 35
    at /home/omer/projects/Gefion2/test/vendor/Router/router.js:66:32
    at Request.callback (node_modules/superagent/lib/node/index.js:857:12)
    at IncomingMessage.<anonymous> (node_modules/superagent/lib/node/index.js:1070:18)
    at IncomingMessage.emit (node:events:525:35)
    at endReadableNT (node:internal/streams/readable:1359:12)
    at process.processTicksAndRejections (node:internal/process/task_queues:82:21)
[90m[2023-12-09 08:41:55.910 PM] [31merror[39m: AssertionError: expected undefined to equal 35
    at /home/omer/projects/Gefion2/test/vendor/Router/router.js:66:32
    at Request.callback (node_modules/superagent/lib/node/index.js:857:12)
    at IncomingMessage.<anonymous> (node_modules/superagent/lib/node/index.js:1070:18)
    at IncomingMessage.emit (node:events:525:35)
    at endReadableNT (node:internal/streams/readable:1359:12)
    at process.processTicksAndRejections (node:internal/process/task_queues:82:21)
[90m[2023-12-09 08:42:11.963 PM] [31merror[39m: AssertionError: expected '35' to equal 35
    at /home/omer/projects/Gefion2/test/vendor/Router/router.js:65:32
    at Request.callback (node_modules/superagent/lib/node/index.js:857:12)
    at IncomingMessage.<anonymous> (node_modules/superagent/lib/node/index.js:1070:18)
    at IncomingMessage.emit (node:events:525:35)
    at endReadableNT (node:internal/streams/readable:1359:12)
    at process.processTicksAndRejections (node:internal/process/task_queues:82:21)
[90m[2023-12-09 08:55:05.273 PM] [31merror[39m: TypeError: Cannot read properties of undefined (reading 'key')
    at /home/omer/projects/Gefion2/vendor/@gefion/db/core/Schema.js:118:25
    at Array.forEach (<anonymous>)
    at Schema.validate (/home/omer/projects/Gefion2/vendor/@gefion/db/core/Schema.js:116:25)
    at Model.insert (/home/omer/projects/Gefion2/vendor/@gefion/db/core/Model.js:36:38)
    at Context.<anonymous> (/home/omer/projects/Gefion2/test/vendor/Database/database.js:18:13)
    at callFn (/home/omer/projects/Gefion2/node_modules/mocha/lib/runnable.js:366:21)
    at Runnable.run (/home/omer/projects/Gefion2/node_modules/mocha/lib/runnable.js:354:5)
    at next (/home/omer/projects/Gefion2/node_modules/mocha/lib/runner.js:498:10)
    at Immediate.<anonymous> (/home/omer/projects/Gefion2/node_modules/mocha/lib/runner.js:559:5)
    at process.processImmediate (node:internal/timers:478:21)
