[90m[2023-12-09 04:01:21.844 PM] [31merror[39m: AssertionError [ERR_ASSERTION]: '' == 87
    at /home/omer/projects/Gefion2/test/vendor/Router/router.js:58:12
    at process.processTicksAndRejections (node:internal/process/task_queues:95:5)
[90m[2023-12-09 04:01:30.747 PM] [31merror[39m: AssertionError [ERR_ASSERTION]: '' == 87
    at /home/omer/projects/Gefion2/test/vendor/Router/router.js:58:12
    at process.processTicksAndRejections (node:internal/process/task_queues:95:5)
[90m[2023-12-09 04:01:54.571 PM] [31merror[39m: AssertionError [ERR_ASSERTION]: '' == 87
    at /home/omer/projects/Gefion2/test/vendor/Router/router.js:59:12
    at process.processTicksAndRejections (node:internal/process/task_queues:95:5)
[90m[2023-12-09 04:02:16.535 PM] [31merror[39m: AssertionError [ERR_ASSERTION]: '' == 87
    at /home/omer/projects/Gefion2/test/vendor/Router/router.js:58:12
    at process.processTicksAndRejections (node:internal/process/task_queues:95:5)
[90m[2023-12-09 04:02:30.846 PM] [31merror[39m: AssertionError [ERR_ASSERTION]: 'foobar' == 'foo'
    at /home/omer/projects/Gefion2/test/vendor/Router/router.js:59:12
    at process.processTicksAndRejections (node:internal/process/task_queues:95:5)
[90m[2023-12-09 04:02:58.761 PM] [31merror[39m: AssertionError [ERR_ASSERTION]: 'foobar' == 'foo'
    at /home/omer/projects/Gefion2/test/vendor/Router/router.js:58:12
    at process.processTicksAndRejections (node:internal/process/task_queues:95:5)
[90m[2023-12-09 04:04:28.800 PM] [31merror[39m: AssertionError [ERR_ASSERTION]: 'foobar' == 'foo'
    at /home/omer/projects/Gefion2/test/vendor/Router/router.js:58:12
    at process.processTicksAndRejections (node:internal/process/task_queues:95:5)
[90m[2023-12-09 04:04:54.188 PM] [31merror[39m: AssertionError [ERR_ASSERTION]: '' == 87
    at /home/omer/projects/Gefion2/test/vendor/Router/router.js:63:12
    at process.processTicksAndRejections (node:internal/process/task_queues:95:5)
[90m[2023-12-09 04:05:41.986 PM] [31merror[39m: AssertionError [ERR_ASSERTION]: '' == 87
    at /home/omer/projects/Gefion2/test/vendor/Router/router.js:63:12
    at process.processTicksAndRejections (node:internal/process/task_queues:95:5)
[90m[2023-12-09 04:06:40.676 PM] [31merror[39m: AssertionError [ERR_ASSERTION]: '' == 87
    at /home/omer/projects/Gefion2/test/vendor/Router/router.js:63:12
    at process.processTicksAndRejections (node:internal/process/task_queues:95:5)
[90m[2023-12-09 04:07:11.142 PM] [31merror[39m: AssertionError [ERR_ASSERTION]: '' == 87
    at /home/omer/projects/Gefion2/test/vendor/Router/router.js:63:12
    at process.processTicksAndRejections (node:internal/process/task_queues:95:5)
[90m[2023-12-09 04:07:48.581 PM] [31merror[39m: AssertionError [ERR_ASSERTION]: '' == 87
    at /home/omer/projects/Gefion2/test/vendor/Router/router.js:63:12
    at process.processTicksAndRejections (node:internal/process/task_queues:95:5)
[90m[2023-12-09 04:08:29.378 PM] [31merror[39m: AssertionError [ERR_ASSERTION]: '' == 87
    at /home/omer/projects/Gefion2/test/vendor/Router/router.js:63:12
    at process.processTicksAndRejections (node:internal/process/task_queues:95:5)
[90m[2023-12-09 04:08:50.185 PM] [31merror[39m: AssertionError [ERR_ASSERTION]: '' == 87
    at /home/omer/projects/Gefion2/test/vendor/Router/router.js:63:12
    at process.processTicksAndRejections (node:internal/process/task_queues:95:5)
[90m[2023-12-09 04:09:24.902 PM] [31merror[39m: AssertionError [ERR_ASSERTION]: '' == 87
    at /home/omer/projects/Gefion2/test/vendor/Router/router.js:63:12
    at process.processTicksAndRejections (node:internal/process/task_queues:95:5)
[90m[2023-12-09 04:09:36.875 PM] [31merror[39m: AssertionError [ERR_ASSERTION]: '' == 87
    at /home/omer/projects/Gefion2/test/vendor/Router/router.js:63:12
    at process.processTicksAndRejections (node:internal/process/task_queues:95:5)
[90m[2023-12-09 04:11:42.439 PM] [31merror[39m: AssertionError [ERR_ASSERTION]: '' == 87
    at /home/omer/projects/Gefion2/test/vendor/Router/router.js:63:12
    at process.processTicksAndRejections (node:internal/process/task_queues:95:5)
[90m[2023-12-09 04:12:20.281 PM] [31merror[39m: AssertionError [ERR_ASSERTION]: '' == 87
    at /home/omer/projects/Gefion2/test/vendor/Router/router.js:63:12
    at process.processTicksAndRejections (node:internal/process/task_queues:95:5)
[90m[2023-12-09 04:12:52.383 PM] [31merror[39m: AssertionError [ERR_ASSERTION]: '' == 87
    at /home/omer/projects/Gefion2/test/vendor/Router/router.js:63:12
    at process.processTicksAndRejections (node:internal/process/task_queues:95:5)
[90m[2023-12-09 04:13:08.792 PM] [31merror[39m: AssertionError [ERR_ASSERTION]: '' == 87
    at /home/omer/projects/Gefion2/test/vendor/Router/router.js:63:12
    at process.processTicksAndRejections (node:internal/process/task_queues:95:5)
[90m[2023-12-09 04:13:22.976 PM] [31merror[39m: AssertionError [ERR_ASSERTION]: '' == 87
    at /home/omer/projects/Gefion2/test/vendor/Router/router.js:63:12
    at process.processTicksAndRejections (node:internal/process/task_queues:95:5)
[90m[2023-12-09 04:14:48.289 PM] [31merror[39m: AssertionError [ERR_ASSERTION]: '' == 87
    at /home/omer/projects/Gefion2/test/vendor/Router/router.js:63:12
    at process.processTicksAndRejections (node:internal/process/task_queues:95:5)
[90m[2023-12-09 04:15:00.403 PM] [31merror[39m: AssertionError [ERR_ASSERTION]: '' == 87
    at /home/omer/projects/Gefion2/test/vendor/Router/router.js:63:12
    at process.processTicksAndRejections (node:internal/process/task_queues:95:5)
[90m[2023-12-09 04:15:12.795 PM] [31merror[39m: AxiosError: Request failed with status code 500
    at settle (/home/omer/projects/Gefion2/node_modules/axios/dist/node/axios.cjs:1967:12)
    at IncomingMessage.handleStreamEnd (/home/omer/projects/Gefion2/node_modules/axios/dist/node/axios.cjs:3062:11)
    at IncomingMessage.emit (node:events:525:35)
    at endReadableNT (node:internal/streams/readable:1359:12)
    at process.processTicksAndRejections (node:internal/process/task_queues:82:21)
[90m[2023-12-09 04:15:39.456 PM] [31merror[39m: AxiosError: Request failed with status code 500
    at settle (/home/omer/projects/Gefion2/node_modules/axios/dist/node/axios.cjs:1967:12)
    at IncomingMessage.handleStreamEnd (/home/omer/projects/Gefion2/node_modules/axios/dist/node/axios.cjs:3062:11)
    at IncomingMessage.emit (node:events:525:35)
    at endReadableNT (node:internal/streams/readable:1359:12)
    at process.processTicksAndRejections (node:internal/process/task_queues:82:21)
[90m[2023-12-09 04:16:09.029 PM] [31merror[39m: AxiosError: Request failed with status code 500
    at settle (/home/omer/projects/Gefion2/node_modules/axios/dist/node/axios.cjs:1967:12)
    at IncomingMessage.handleStreamEnd (/home/omer/projects/Gefion2/node_modules/axios/dist/node/axios.cjs:3062:11)
    at IncomingMessage.emit (node:events:525:35)
    at endReadableNT (node:internal/streams/readable:1359:12)
    at process.processTicksAndRejections (node:internal/process/task_queues:82:21)
[90m[2023-12-09 04:16:39.061 PM] [31merror[39m: AxiosError: Request failed with status code 500
    at settle (/home/omer/projects/Gefion2/node_modules/axios/dist/node/axios.cjs:1967:12)
    at IncomingMessage.handleStreamEnd (/home/omer/projects/Gefion2/node_modules/axios/dist/node/axios.cjs:3062:11)
    at IncomingMessage.emit (node:events:525:35)
    at endReadableNT (node:internal/streams/readable:1359:12)
    at process.processTicksAndRejections (node:internal/process/task_queues:82:21)
[90m[2023-12-09 04:16:49.700 PM] [31merror[39m: AxiosError: Request failed with status code 500
    at settle (/home/omer/projects/Gefion2/node_modules/axios/dist/node/axios.cjs:1967:12)
    at IncomingMessage.handleStreamEnd (/home/omer/projects/Gefion2/node_modules/axios/dist/node/axios.cjs:3062:11)
    at IncomingMessage.emit (node:events:525:35)
    at endReadableNT (node:internal/streams/readable:1359:12)
    at process.processTicksAndRejections (node:internal/process/task_queues:82:21)
[90m[2023-12-09 04:16:55.702 PM] [31merror[39m: AxiosError: Request failed with status code 500
    at settle (/home/omer/projects/Gefion2/node_modules/axios/dist/node/axios.cjs:1967:12)
    at IncomingMessage.handleStreamEnd (/home/omer/projects/Gefion2/node_modules/axios/dist/node/axios.cjs:3062:11)
    at IncomingMessage.emit (node:events:525:35)
    at endReadableNT (node:internal/streams/readable:1359:12)
    at process.processTicksAndRejections (node:internal/process/task_queues:82:21)
[90m[2023-12-09 04:17:39.200 PM] [31merror[39m: AxiosError: Request failed with status code 500
    at settle (/home/omer/projects/Gefion2/node_modules/axios/dist/node/axios.cjs:1967:12)
    at IncomingMessage.handleStreamEnd (/home/omer/projects/Gefion2/node_modules/axios/dist/node/axios.cjs:3062:11)
    at IncomingMessage.emit (node:events:525:35)
    at endReadableNT (node:internal/streams/readable:1359:12)
    at process.processTicksAndRejections (node:internal/process/task_queues:82:21)
[90m[2023-12-09 04:17:52.063 PM] [31merror[39m: AxiosError: Request failed with status code 500
    at settle (/home/omer/projects/Gefion2/node_modules/axios/dist/node/axios.cjs:1967:12)
    at IncomingMessage.handleStreamEnd (/home/omer/projects/Gefion2/node_modules/axios/dist/node/axios.cjs:3062:11)
    at IncomingMessage.emit (node:events:525:35)
    at endReadableNT (node:internal/streams/readable:1359:12)
    at process.processTicksAndRejections (node:internal/process/task_queues:82:21)
[90m[2023-12-09 04:18:21.985 PM] [31merror[39m: AxiosError: Request failed with status code 404
    at settle (/home/omer/projects/Gefion2/node_modules/axios/dist/node/axios.cjs:1967:12)
    at IncomingMessage.handleStreamEnd (/home/omer/projects/Gefion2/node_modules/axios/dist/node/axios.cjs:3062:11)
    at IncomingMessage.emit (node:events:525:35)
    at endReadableNT (node:internal/streams/readable:1359:12)
    at process.processTicksAndRejections (node:internal/process/task_queues:82:21)
[90m[2023-12-09 04:18:38.398 PM] [31merror[39m: AssertionError [ERR_ASSERTION]: '' == 87
    at /home/omer/projects/Gefion2/test/vendor/Router/router.js:58:12
    at process.processTicksAndRejections (node:internal/process/task_queues:95:5)
[90m[2023-12-09 04:18:46.008 PM] [31merror[39m: AxiosError: Request failed with status code 404
    at settle (/home/omer/projects/Gefion2/node_modules/axios/dist/node/axios.cjs:1967:12)
    at IncomingMessage.handleStreamEnd (/home/omer/projects/Gefion2/node_modules/axios/dist/node/axios.cjs:3062:11)
    at IncomingMessage.emit (node:events:525:35)
    at endReadableNT (node:internal/streams/readable:1359:12)
    at process.processTicksAndRejections (node:internal/process/task_queues:82:21)
[90m[2023-12-09 04:19:08.458 PM] [31merror[39m: AxiosError: Request failed with status code 404
    at settle (/home/omer/projects/Gefion2/node_modules/axios/dist/node/axios.cjs:1967:12)
    at IncomingMessage.handleStreamEnd (/home/omer/projects/Gefion2/node_modules/axios/dist/node/axios.cjs:3062:11)
    at IncomingMessage.emit (node:events:525:35)
    at endReadableNT (node:internal/streams/readable:1359:12)
    at process.processTicksAndRejections (node:internal/process/task_queues:82:21)
[90m[2023-12-09 04:19:23.581 PM] [31merror[39m: AssertionError [ERR_ASSERTION]: '' == 87
    at /home/omer/projects/Gefion2/test/vendor/Router/router.js:67:12
    at process.processTicksAndRejections (node:internal/process/task_queues:95:5)
[90m[2023-12-09 04:21:01.459 PM] [31merror[39m: AssertionError [ERR_ASSERTION]: '' == 87
    at /home/omer/projects/Gefion2/test/vendor/Router/router.js:65:12
    at process.processTicksAndRejections (node:internal/process/task_queues:95:5)
[90m[2023-12-09 04:21:11.648 PM] [31merror[39m: AxiosError: Request failed with status code 404
    at settle (/home/omer/projects/Gefion2/node_modules/axios/dist/node/axios.cjs:1967:12)
    at IncomingMessage.handleStreamEnd (/home/omer/projects/Gefion2/node_modules/axios/dist/node/axios.cjs:3062:11)
    at IncomingMessage.emit (node:events:525:35)
    at endReadableNT (node:internal/streams/readable:1359:12)
    at process.processTicksAndRejections (node:internal/process/task_queues:82:21)
[90m[2023-12-09 04:21:22.767 PM] [31merror[39m: AxiosError: Request failed with status code 404
    at settle (/home/omer/projects/Gefion2/node_modules/axios/dist/node/axios.cjs:1967:12)
    at IncomingMessage.handleStreamEnd (/home/omer/projects/Gefion2/node_modules/axios/dist/node/axios.cjs:3062:11)
    at IncomingMessage.emit (node:events:525:35)
    at endReadableNT (node:internal/streams/readable:1359:12)
    at process.processTicksAndRejections (node:internal/process/task_queues:82:21)
[90m[2023-12-09 04:23:16.258 PM] [31merror[39m: AssertionError [ERR_ASSERTION]: '' == 87
    at /home/omer/projects/Gefion2/test/vendor/Router/router.js:65:12
    at process.processTicksAndRejections (node:internal/process/task_queues:95:5)
[90m[2023-12-09 04:23:27.562 PM] [31merror[39m: AssertionError [ERR_ASSERTION]: '' == 87
    at /home/omer/projects/Gefion2/test/vendor/Router/router.js:65:12
    at process.processTicksAndRejections (node:internal/process/task_queues:95:5)
[90m[2023-12-09 04:23:56.461 PM] [31merror[39m: AssertionError [ERR_ASSERTION]: '' == 87
    at /home/omer/projects/Gefion2/test/vendor/Router/router.js:65:12
    at process.processTicksAndRejections (node:internal/process/task_queues:95:5)
[90m[2023-12-09 04:24:05.155 PM] [31merror[39m: AssertionError [ERR_ASSERTION]: '' == 87
    at /home/omer/projects/Gefion2/test/vendor/Router/router.js:65:12
    at process.processTicksAndRejections (node:internal/process/task_queues:95:5)
[90m[2023-12-09 04:24:12.608 PM] [31merror[39m: AssertionError [ERR_ASSERTION]: '' == 87
    at /home/omer/projects/Gefion2/test/vendor/Router/router.js:65:12
    at process.processTicksAndRejections (node:internal/process/task_queues:95:5)
[90m[2023-12-09 04:26:32.136 PM] [31merror[39m: AssertionError [ERR_ASSERTION]: '' == 87
    at /home/omer/projects/Gefion2/test/vendor/Router/router.js:65:12
    at process.processTicksAndRejections (node:internal/process/task_queues:95:5)
[90m[2023-12-09 04:26:47.446 PM] [31merror[39m: AssertionError [ERR_ASSERTION]: '' == 87
    at /home/omer/projects/Gefion2/test/vendor/Router/router.js:65:12
    at process.processTicksAndRejections (node:internal/process/task_queues:95:5)
[90m[2023-12-09 04:27:30.599 PM] [31merror[39m: AssertionError [ERR_ASSERTION]: '' == 87
    at /home/omer/projects/Gefion2/test/vendor/Router/router.js:65:12
    at process.processTicksAndRejections (node:internal/process/task_queues:95:5)
[90m[2023-12-09 04:27:40.980 PM] [31merror[39m: AssertionError [ERR_ASSERTION]: '' == 87
    at /home/omer/projects/Gefion2/test/vendor/Router/router.js:65:12
    at process.processTicksAndRejections (node:internal/process/task_queues:95:5)
[90m[2023-12-09 04:28:32.287 PM] [31merror[39m: AssertionError [ERR_ASSERTION]: '' == 87
    at /home/omer/projects/Gefion2/test/vendor/Router/router.js:65:12
    at process.processTicksAndRejections (node:internal/process/task_queues:95:5)
[90m[2023-12-09 04:29:04.532 PM] [31merror[39m: AssertionError [ERR_ASSERTION]: '' == 87
    at /home/omer/projects/Gefion2/test/vendor/Router/router.js:65:12
    at process.processTicksAndRejections (node:internal/process/task_queues:95:5)
[90m[2023-12-09 04:29:14.687 PM] [31merror[39m: AssertionError [ERR_ASSERTION]: '' == 87
    at /home/omer/projects/Gefion2/test/vendor/Router/router.js:67:12
    at process.processTicksAndRejections (node:internal/process/task_queues:95:5)
[90m[2023-12-09 04:29:55.751 PM] [31merror[39m: AssertionError [ERR_ASSERTION]: '' == 87
    at /home/omer/projects/Gefion2/test/vendor/Router/router.js:67:12
    at process.processTicksAndRejections (node:internal/process/task_queues:95:5)
[90m[2023-12-09 04:30:04.147 PM] [31merror[39m: AssertionError [ERR_ASSERTION]: 'Failed' == 'Request failed with status code 500'
    at /home/omer/projects/Gefion2/test/vendor/Router/router.js:46:14
    at process.processTicksAndRejections (node:internal/process/task_queues:95:5)
[90m[2023-12-09 04:30:15.260 PM] [31merror[39m: AssertionError [ERR_ASSERTION]: 'Error' == 'Request failed with status code 500'
    at /home/omer/projects/Gefion2/test/vendor/Router/router.js:46:14
    at process.processTicksAndRejections (node:internal/process/task_queues:95:5)
[90m[2023-12-09 04:30:24.494 PM] [31merror[39m: AssertionError [ERR_ASSERTION]: 'Error' == 'Request failed with status code 500'
    at /home/omer/projects/Gefion2/test/vendor/Router/router.js:47:14
    at process.processTicksAndRejections (node:internal/process/task_queues:95:5)
[90m[2023-12-09 04:31:03.135 PM] [31merror[39m: AssertionError [ERR_ASSERTION]: '200 != 200' == 'Request failed with status code 500'
    at /home/omer/projects/Gefion2/test/vendor/Router/router.js:46:14
    at process.processTicksAndRejections (node:internal/process/task_queues:95:5)
[90m[2023-12-09 04:31:12.677 PM] [31merror[39m: AssertionError [ERR_ASSERTION]: '' == 87
    at /home/omer/projects/Gefion2/test/vendor/Router/router.js:67:12
    at process.processTicksAndRejections (node:internal/process/task_queues:95:5)
[90m[2023-12-09 04:32:51.234 PM] [31merror[39m: AssertionError [ERR_ASSERTION]: '' == 87
    at /home/omer/projects/Gefion2/test/vendor/Router/router.js:58:12
    at process.processTicksAndRejections (node:internal/process/task_queues:95:5)
[90m[2023-12-09 04:32:58.015 PM] [31merror[39m: AssertionError [ERR_ASSERTION]: '' == 87
    at /home/omer/projects/Gefion2/test/vendor/Router/router.js:58:12
    at process.processTicksAndRejections (node:internal/process/task_queues:95:5)
[90m[2023-12-09 04:33:07.445 PM] [31merror[39m: AssertionError [ERR_ASSERTION]: '' == 87
    at /home/omer/projects/Gefion2/test/vendor/Router/router.js:58:12
    at process.processTicksAndRejections (node:internal/process/task_queues:95:5)
[90m[2023-12-09 04:33:11.526 PM] [31merror[39m: AssertionError [ERR_ASSERTION]: '' == 87
    at /home/omer/projects/Gefion2/test/vendor/Router/router.js:58:12
    at process.processTicksAndRejections (node:internal/process/task_queues:95:5)
[90m[2023-12-09 04:34:06.298 PM] [31merror[39m: AssertionError [ERR_ASSERTION]: '' == 87
    at /home/omer/projects/Gefion2/test/vendor/Router/router.js:68:12
    at process.processTicksAndRejections (node:internal/process/task_queues:95:5)
[90m[2023-12-09 04:34:30.828 PM] [31merror[39m: AssertionError [ERR_ASSERTION]: '' == 87
    at /home/omer/projects/Gefion2/test/vendor/Router/router.js:69:12
    at process.processTicksAndRejections (node:internal/process/task_queues:95:5)
[90m[2023-12-09 04:34:36.678 PM] [31merror[39m: AssertionError [ERR_ASSERTION]: '200 != 200' == 'Request failed with status code 500'
    at /home/omer/projects/Gefion2/test/vendor/Router/router.js:63:14
    at process.processTicksAndRejections (node:internal/process/task_queues:95:5)
[90m[2023-12-09 04:34:54.340 PM] [31merror[39m: AssertionError [ERR_ASSERTION]: '200 != 200' == 'Request failed with status code 500'
    at /home/omer/projects/Gefion2/test/vendor/Router/router.js:63:14
    at process.processTicksAndRejections (node:internal/process/task_queues:95:5)
[90m[2023-12-09 04:35:10.190 PM] [31merror[39m: AssertionError [ERR_ASSERTION]: '' == 87
    at /home/omer/projects/Gefion2/test/vendor/Router/router.js:69:12
    at process.processTicksAndRejections (node:internal/process/task_queues:95:5)
[90m[2023-12-09 04:35:27.479 PM] [31merror[39m: AssertionError [ERR_ASSERTION]: '' == 87
    at /home/omer/projects/Gefion2/test/vendor/Router/router.js:68:12
    at process.processTicksAndRejections (node:internal/process/task_queues:95:5)
[90m[2023-12-09 04:36:40.315 PM] [31merror[39m: AssertionError [ERR_ASSERTION]: '' == 87
    at /home/omer/projects/Gefion2/test/vendor/Router/router.js:68:12
    at process.processTicksAndRejections (node:internal/process/task_queues:95:5)
[90m[2023-12-09 04:36:59.212 PM] [31merror[39m: AssertionError [ERR_ASSERTION]: 'Request failed with status code 500' != 'Request failed with status code 500'
    at /home/omer/projects/Gefion2/test/vendor/Router/router.js:62:14
    at process.processTicksAndRejections (node:internal/process/task_queues:95:5)
[90m[2023-12-09 04:37:26.493 PM] [31merror[39m: AssertionError [ERR_ASSERTION]: '' == 87
    at /home/omer/projects/Gefion2/test/vendor/Router/router.js:72:12
    at process.processTicksAndRejections (node:internal/process/task_queues:95:5)
[90m[2023-12-09 04:38:12.832 PM] [31merror[39m: AssertionError [ERR_ASSERTION]: '' == 87
    at /home/omer/projects/Gefion2/test/vendor/Router/router.js:68:12
    at process.processTicksAndRejections (node:internal/process/task_queues:95:5)
[90m[2023-12-09 04:39:22.004 PM] [31merror[39m: AssertionError [ERR_ASSERTION]: '' == 87
    at /home/omer/projects/Gefion2/test/vendor/Router/router.js:69:12
    at process.processTicksAndRejections (node:internal/process/task_queues:95:5)
[90m[2023-12-09 04:40:39.035 PM] [31merror[39m: AssertionError [ERR_ASSERTION]: Request failed with status code 500
    at /home/omer/projects/Gefion2/test/vendor/Router/router.js:62:14
    at process.processTicksAndRejections (node:internal/process/task_queues:95:5)
[90m[2023-12-09 04:42:26.864 PM] [31merror[39m: AssertionError [ERR_ASSERTION]: 'Failed' == 'Request failed with status code 500'
    at /home/omer/projects/Gefion2/test/vendor/Router/router.js:62:14
    at process.processTicksAndRejections (node:internal/process/task_queues:95:5)
[90m[2023-12-09 04:42:44.386 PM] [31merror[39m: AssertionError [ERR_ASSERTION]: 'Failed' == 'Request failed with status code 500'
    at /home/omer/projects/Gefion2/test/vendor/Router/router.js:62:14
    at process.processTicksAndRejections (node:internal/process/task_queues:95:5)
[90m[2023-12-09 04:44:14.245 PM] [31merror[39m: AssertionError [ERR_ASSERTION]: '' == 87
    at /home/omer/projects/Gefion2/test/vendor/Router/router.js:68:12
    at process.processTicksAndRejections (node:internal/process/task_queues:95:5)
[90m[2023-12-09 04:45:42.275 PM] [31merror[39m: AxiosError: Request failed with status code 500
    at settle (/home/omer/projects/Gefion2/node_modules/axios/dist/node/axios.cjs:1967:12)
    at IncomingMessage.handleStreamEnd (/home/omer/projects/Gefion2/node_modules/axios/dist/node/axios.cjs:3062:11)
    at IncomingMessage.emit (node:events:525:35)
    at endReadableNT (node:internal/streams/readable:1359:12)
    at process.processTicksAndRejections (node:internal/process/task_queues:82:21)
[90m[2023-12-09 04:45:57.133 PM] [31merror[39m: AxiosError: Request failed with status code 500
    at settle (/home/omer/projects/Gefion2/node_modules/axios/dist/node/axios.cjs:1967:12)
    at IncomingMessage.handleStreamEnd (/home/omer/projects/Gefion2/node_modules/axios/dist/node/axios.cjs:3062:11)
    at IncomingMessage.emit (node:events:525:35)
    at endReadableNT (node:internal/streams/readable:1359:12)
    at process.processTicksAndRejections (node:internal/process/task_queues:82:21)
[90m[2023-12-09 04:46:10.271 PM] [31merror[39m: AssertionError [ERR_ASSERTION]: '' == 87
    at /home/omer/projects/Gefion2/test/vendor/Router/router.js:62:12
    at process.processTicksAndRejections (node:internal/process/task_queues:95:5)
[90m[2023-12-09 04:46:35.084 PM] [31merror[39m: AssertionError [ERR_ASSERTION]: '' == 87
    at /home/omer/projects/Gefion2/test/vendor/Router/router.js:63:12
    at process.processTicksAndRejections (node:internal/process/task_queues:95:5)
[90m[2023-12-09 04:46:59.635 PM] [31merror[39m: AssertionError [ERR_ASSERTION]: '' == 87
    at /home/omer/projects/Gefion2/test/vendor/Router/router.js:63:12
    at process.processTicksAndRejections (node:internal/process/task_queues:95:5)
[90m[2023-12-09 04:47:36.806 PM] [31merror[39m: AssertionError [ERR_ASSERTION]: 'Failed' == 'Request failed with status code 500'
    at /home/omer/projects/Gefion2/test/vendor/Router/router.js:62:14
    at process.processTicksAndRejections (node:internal/process/task_queues:95:5)
[90m[2023-12-09 04:49:02.310 PM] [31merror[39m: AssertionError [ERR_ASSERTION]: '' == 87
    at /home/omer/projects/Gefion2/test/vendor/Router/router.js:58:12
    at process.processTicksAndRejections (node:internal/process/task_queues:95:5)
[90m[2023-12-09 04:49:28.728 PM] [31merror[39m: AssertionError [ERR_ASSERTION]: '' == 87
    at /home/omer/projects/Gefion2/test/vendor/Router/router.js:59:12
    at process.processTicksAndRejections (node:internal/process/task_queues:95:5)
[90m[2023-12-09 04:49:51.278 PM] [31merror[39m: AssertionError [ERR_ASSERTION]: '' == 87
    at /home/omer/projects/Gefion2/test/vendor/Router/router.js:59:12
    at process.processTicksAndRejections (node:internal/process/task_queues:95:5)
[90m[2023-12-09 04:50:27.799 PM] [31merror[39m: AxiosError: Request failed with status code 500
    at settle (/home/omer/projects/Gefion2/node_modules/axios/dist/node/axios.cjs:1967:12)
    at IncomingMessage.handleStreamEnd (/home/omer/projects/Gefion2/node_modules/axios/dist/node/axios.cjs:3062:11)
    at IncomingMessage.emit (node:events:525:35)
    at endReadableNT (node:internal/streams/readable:1359:12)
    at process.processTicksAndRejections (node:internal/process/task_queues:82:21)
[90m[2023-12-09 04:51:26.853 PM] [31merror[39m: AssertionError [ERR_ASSERTION]: '' == 87
    at /home/omer/projects/Gefion2/test/vendor/Router/router.js:59:12
    at process.processTicksAndRejections (node:internal/process/task_queues:95:5)
[90m[2023-12-09 04:51:36.618 PM] [31merror[39m: AssertionError [ERR_ASSERTION]: '' == 87
    at /home/omer/projects/Gefion2/test/vendor/Router/router.js:59:12
    at process.processTicksAndRejections (node:internal/process/task_queues:95:5)
[90m[2023-12-09 04:51:48.492 PM] [31merror[39m: TypeError: Cannot read properties of undefined (reading 'data')
    at /home/omer/projects/Gefion2/test/vendor/Router/router.js:58:33
    at process.processTicksAndRejections (node:internal/process/task_queues:95:5)
[90m[2023-12-09 04:52:07.338 PM] [31merror[39m: TypeError: Cannot read properties of undefined (reading 'data')
    at /home/omer/projects/Gefion2/test/vendor/Router/router.js:59:33
    at process.processTicksAndRejections (node:internal/process/task_queues:95:5)
[90m[2023-12-09 04:52:16.071 PM] [31merror[39m: AssertionError [ERR_ASSERTION]: '' == 87
    at /home/omer/projects/Gefion2/test/vendor/Router/router.js:59:12
    at process.processTicksAndRejections (node:internal/process/task_queues:95:5)
[90m[2023-12-09 04:52:30.829 PM] [31merror[39m: AssertionError [ERR_ASSERTION]: '' == 87
    at /home/omer/projects/Gefion2/test/vendor/Router/router.js:59:12
    at process.processTicksAndRejections (node:internal/process/task_queues:95:5)
[90m[2023-12-09 04:52:51.577 PM] [31merror[39m: AssertionError [ERR_ASSERTION]: '' == 87
    at /home/omer/projects/Gefion2/test/vendor/Router/router.js:59:12
    at process.processTicksAndRejections (node:internal/process/task_queues:95:5)
[90m[2023-12-09 04:53:10.969 PM] [31merror[39m: AssertionError [ERR_ASSERTION]: '' == 87
    at /home/omer/projects/Gefion2/test/vendor/Router/router.js:59:12
    at process.processTicksAndRejections (node:internal/process/task_queues:95:5)
[90m[2023-12-09 04:54:04.388 PM] [31merror[39m: AxiosError: Request failed with status code 500
    at settle (/home/omer/projects/Gefion2/node_modules/axios/dist/node/axios.cjs:1967:12)
    at IncomingMessage.handleStreamEnd (/home/omer/projects/Gefion2/node_modules/axios/dist/node/axios.cjs:3062:11)
    at IncomingMessage.emit (node:events:525:35)
    at endReadableNT (node:internal/streams/readable:1359:12)
    at process.processTicksAndRejections (node:internal/process/task_queues:82:21)
[90m[2023-12-09 04:54:26.235 PM] [31merror[39m: AxiosError: Request failed with status code 500
    at settle (/home/omer/projects/Gefion2/node_modules/axios/dist/node/axios.cjs:1967:12)
    at IncomingMessage.handleStreamEnd (/home/omer/projects/Gefion2/node_modules/axios/dist/node/axios.cjs:3062:11)
    at IncomingMessage.emit (node:events:525:35)
    at endReadableNT (node:internal/streams/readable:1359:12)
    at process.processTicksAndRejections (node:internal/process/task_queues:82:21)
[90m[2023-12-09 04:54:49.756 PM] [31merror[39m: AxiosError: Request failed with status code 500
    at settle (/home/omer/projects/Gefion2/node_modules/axios/dist/node/axios.cjs:1967:12)
    at IncomingMessage.handleStreamEnd (/home/omer/projects/Gefion2/node_modules/axios/dist/node/axios.cjs:3062:11)
    at IncomingMessage.emit (node:events:525:35)
    at endReadableNT (node:internal/streams/readable:1359:12)
    at process.processTicksAndRejections (node:internal/process/task_queues:82:21)
